<?xml version="1.0" encoding="UTF-8"?>
<testsuite xmlns:xsi="http://www.w3.org/2001/XMLSchema-instance" xsi:noNamespaceSchemaLocation="https://maven.apache.org/surefire/maven-surefire-plugin/xsd/surefire-test-report-3.0.xsd" version="3.0" name="TestMaxAxtive" time="24.106" tests="1" errors="0" skipped="0" failures="0">
  <properties>
[...]
</properties>
  <testcase name="testPostgresPool" classname="TestMaxAxtive" time="24.069">
    <system-out><![CDATA[Run Tomcat from: D:\REPO_JAVA\TestPool\TestClient\..\tomcat\bin

>>> Start of test... Run requests to servlet...

======= Detail report =======
Request #1 | Start on 0 sec | Duration 10 sec | Status: 200
Request #2 | Start on 0 sec | Duration 10 sec | Status: 200
Request #3 | Start on 0 sec | Duration 5 sec | Status: 200
Request #4 | Start on 0 sec | Duration 5 sec | Status: 200
==============================

>>> Финальный отчет: OK: 4, Errors: 0
Stop Tomcat...
]]></system-out>
  </testcase>
</testsuite>